make all --print-data-base --no-builtin-variables --no-builtin-rules --question
Makefile:1: /rules.mk: No such file or directory
Makefile:13: /package.mk: No such file or directory
make: *** No rule to make target '/package.mk'.  Stop.

# GNU Make 4.1
# Built for x86_64-pc-linux-gnu
# Copyright (C) 1988-2014 Free Software Foundation, Inc.
# License GPLv3+: GNU GPL version 3 or later <http://gnu.org/licenses/gpl.html>
# This is free software: you are free to change and redistribute it.
# There is NO WARRANTY, to the extent permitted by law.

# Make data base, printed on Thu May 19 20:01:45 2022

# Variables

# makefile (from 'Makefile', line 5)
PKG_NAME := openflowAP
# automatic
<D = $(patsubst %/,%,$(dir $<))
# automatic
?F = $(notdir $?)
# makefile (from 'Makefile', line 31)
Package/openflowAP/description = 	A simple "Hello, world!" -application.
# default
.SHELLFLAGS := -c
# environment
VSCODE_AGENT_FOLDER = /home/kkyoon/.vscode-server
# environment
VSCODE_LOG_NATIVE = false
# environment
NVM_INC = /home/kkyoon/.nvm/versions/node/v12.14.1/include/node
# automatic
?D = $(patsubst %/,%,$(dir $?))
# automatic
@D = $(patsubst %/,%,$(dir $@))
# automatic
@F = $(notdir $@)
# default
MAKE_VERSION := 4.1
# makefile
CURDIR := /home/kkyoon/openwrt-iptime/openwrt/mypackages/sdnProject/openflowAP
# makefile
SHELL = /bin/sh
# environment
VSCODE_NLS_CONFIG = {"locale":"ko","availableLanguages":{"*":"ko"},"_languagePackId":"738ac08552cca045871a73764b8c446f.ko","_translationsConfigFile":"/home/kkyoon/.vscode-server/data/clp/738ac08552cca045871a73764b8c446f.ko/tcf.json","_cacheRoot":"/home/kkyoon/.vscode-server/data/clp/738ac08552cca045871a73764b8c446f.ko","_resolvedLanguagePackCoreLocation":"/home/kkyoon/.vscode-server/data/clp/738ac08552cca045871a73764b8c446f.ko/c3511e6c69bb39013c4a4b7b9566ec1ca73fc4d5","_corruptedFile":"/home/kkyoon/.vscode-server/data/clp/738ac08552cca045871a73764b8c446f.ko/corrupted.info","_languagePackSupport":true}
# environment
_ = /home/kkyoon/.vscode-server/bin/c3511e6c69bb39013c4a4b7b9566ec1ca73fc4d5/node
# makefile (from 'Makefile', line 1)
MAKEFILE_LIST :=  Makefile
# 'override' directive
GNUMAKEFLAGS := 
# environment
MAKELEVEL := 0
# environment
XDG_DATA_DIRS = /usr/local/share:/usr/share:/var/lib/snapd/desktop
# environment
DBUS_SESSION_BUS_ADDRESS = unix:path=/run/user/1000/bus
# environment
VSCODE_VERBOSE_LOGGING = true
# makefile (from 'Makefile', line 45)
define Build/Compile
	$(TARGET_CC) $(TARGET_CFLAGS) -o $(PKG_BUILD_DIR)/openflowAP.o -c $(PKG_BUILD_DIR)/openflowAP.c
	$(TARGET_CC) $(TARGET_CFLAGS) -o $(PKG_BUILD_DIR)/test.o -c $(PKG_BUILD_DIR)/test.c
	$(TARGET_CC) $(TARGET_CFLAGS) -o $(PKG_BUILD_DIR)/tools/myprocess.o -c $(PKG_BUILD_DIR)/tools/myprocess.c
	$(TARGET_CC) $(TARGET_CFLAGS) -o $(PKG_BUILD_DIR)/tools/mysemaphore.o -c $(PKG_BUILD_DIR)/tools/mysemaphore.c
	$(TARGET_CC) $(TARGET_CFLAGS) -o $(PKG_BUILD_DIR)/tools/myqueue.o -c $(PKG_BUILD_DIR)/tools/myqueue.c
	$(TARGET_CC) $(TARGET_CFLAGS) -o $(PKG_BUILD_DIR)/tools/myleak_detector_c.o -c $(PKG_BUILD_DIR)/tools/myleak_detector_c.c
	$(TARGET_CC) $(TARGET_CFLAGS) -o $(PKG_BUILD_DIR)/tools/myUnixSocketServer.o -c $(PKG_BUILD_DIR)/tools/myUnixSocketServer.c
	$(TARGET_CC) $(TARGET_CFLAGS) -o $(PKG_BUILD_DIR)/wireless/wdev.o -c $(PKG_BUILD_DIR)/wireless/wdev.c
	$(TARGET_CC) $(TARGET_CFLAGS) -o $(PKG_BUILD_DIR)/tools/mystrTools.o -c $(PKG_BUILD_DIR)/tools/mystrTools.c
	$(TARGET_CC) $(TARGET_LDFLAGS) -o $(PKG_BUILD_DIR)/$1 $(PKG_BUILD_DIR)/openflowAP.o  $(PKG_BUILD_DIR)/tools/myprocess.o $(PKG_BUILD_DIR)/tools/mysemaphore.o $(PKG_BUILD_DIR)/test.o $(PKG_BUILD_DIR)/wireless/wdev.o $(PKG_BUILD_DIR)/tools/mystrTools.o $(PKG_BUILD_DIR)/tools/myleak_detector_c.o $(PKG_BUILD_DIR)/tools/myqueue.o $(PKG_BUILD_DIR)/tools/myUnixSocketServer.o
endef
# makefile (from 'Makefile', line 23)
define Package/openflowAP
	SECTION:=sdnProject
	CATEGORY:=SdnProject
	TITLE:=Hello, World!@
        DEPENDS:= +libubox +liblua
endef
# environment
LESSOPEN = | /usr/bin/lesspipe %s
# environment
LC_NAME = ko_KR.UTF-8
# environment
VSCODE_CWD = /home/kkyoon
# environment
SSH_CONNECTION = 192.168.0.64 1217 192.168.11.3 22
# environment
PATH = /home/kkyoon/.vscode-server/bin/c3511e6c69bb39013c4a4b7b9566ec1ca73fc4d5/bin/remote-cli:/home/kkyoon/.local/bin:/home/kkyoon/bin:/home/kkyoon/.nvm/versions/node/v12.14.1/bin:/usr/local/sbin:/usr/local/bin:/usr/sbin:/usr/bin:/sbin:/bin:/usr/games:/usr/local/games:/snap/bin:/home/kkyoon/bin:/opt/idea/bin:/home/kkyoon/onos/tools/package/runtime/bin:/home/kkyoon/bin:/usr/local/sbin:/usr/local/bin:/usr/sbin:/usr/bin:/sbin:/bin:/usr/games:/usr/local/games:/snap/bin:/home/kkyoon/.bazel/bin
# environment
XDG_RUNTIME_DIR = /run/user/1000
# makefile (from 'Makefile', line 14)
TARGET_CC = -g
# makefile (from 'Makefile', line 18)
TARGET_LDFLAGS = -g -Wl,-rpath-link=$(STAGING_DIR)/usr/lib -L$(SOURCE_DIR) -L$(STAGING_DIR)/usr/lib -lubox -lubus -ljson-c -lblobmsg_json -luci -lnl-3 -lnl-genl-3
# environment
NVM_BIN = /home/kkyoon/.nvm/versions/node/v12.14.1/bin
# environment
VSCODE_LOG_STACK = false
# environment
LC_NUMERIC = ko_KR.UTF-8
# default
.FEATURES := target-specific order-only second-expansion else-if shortest-stem undefine oneshell archives jobserver output-sync check-symlink load
# environment
LS_COLORS = 
# automatic
%F = $(notdir $%)
# makefile (from 'Makefile', line 11)
SOURCE_DIR := /home/kkyoon/openwrt-iptime/openwrt/mypackages/sdnProject/openflowAP
# environment
VSCODE_PIPE_LOGGING = true
# environment
PWD = /home/kkyoon/openwrt-iptime/openwrt/mypackages/sdnProject/openflowAP
# environment
VSCODE_IPC_HOOK_CLI = /run/user/1000/vscode-ipc-db52206d-8c40-4b2b-86db-cd73bd207698.sock
# automatic
*D = $(patsubst %/,%,$(dir $*))
# environment
VSCODE_AMD_ENTRYPOINT = vs/workbench/api/node/extensionHostProcess
# environment
HOME = /home/kkyoon
# makefile (from 'Makefile', line 6)
PKG_VERSION := 1.0
# environment
LESSCLOSE = /usr/bin/lesspipe %s %s
# environment
LOGNAME = kkyoon
# environment
APPLICATION_INSIGHTS_NO_DIAGNOSTIC_CHANNEL = 1
# environment
NVM_CD_FLAGS = 
# automatic
+F = $(notdir $+)
# makefile (from 'Makefile', line 38)
define Build/Prepare
	mkdir -p $(PKG_BUILD_DIR)
	cp -r $(SOURCE_DIR)/* $(PKG_BUILD_DIR)
	$(Build/Patch)
endef
# environment
VSCODE_HANDLES_UNCAUGHT_ERRORS = true
# automatic
^D = $(patsubst %/,%,$(dir $^))
# environment
LC_TIME = ko_KR.UTF-8
# default
MAKE = $(MAKE_COMMAND)
# default
MAKECMDGOALS := all
# environment
SHLVL = 3
# environment
XDG_SESSION_ID = 558
# environment
USER = kkyoon
# makefile (from 'Makefile', line 63)
define Package/openflowAP/install
	$(INSTALL_DIR) $(1)/usr/bin
	$(INSTALL_BIN) $(PKG_BUILD_DIR)/openflowAP $(1)/usr/bin
endef
# environment
LC_MONETARY = ko_KR.UTF-8
# makefile
.DEFAULT_GOAL := 
# automatic
%D = $(patsubst %/,%,$(dir $%))
# environment
LC_TELEPHONE = ko_KR.UTF-8
# default
MAKE_COMMAND := make
# environment
OLDPWD = /home/kkyoon/.vscode-server/bin/c3511e6c69bb39013c4a4b7b9566ec1ca73fc4d5
# default
.VARIABLES := 
# automatic
*F = $(notdir $*)
# makefile
MAKEFLAGS = prR
# environment
MFLAGS = -prR
# environment
SSH_CLIENT = 192.168.0.64 1217 22
# environment
MAIL = /var/mail/kkyoon
# automatic
+D = $(patsubst %/,%,$(dir $+))
# environment
BROWSER = /home/kkyoon/.vscode-server/bin/c3511e6c69bb39013c4a4b7b9566ec1ca73fc4d5/bin/helpers/browser.sh
# environment
S_COLORS = auto
# environment
VSCODE_HANDLES_SIGPIPE = true
# default
MAKEFILES := 
# makefile (from 'Makefile', line 15)
TARGET_CFLAGS = -ggdb3 -I$(STAGING_DIR)/usr/include -I$(SOURCE_DIR) -I$(STAGING_DIR)/usr/include/libnl3 -I$(STAGING_DIR)/usr/include/lib -L$(STAGING_DIR)/usr/lib -lubox -lubus -ljson-c -lblobmsg_json -luci -lnl3
# automatic
<F = $(notdir $<)
# automatic
^F = $(notdir $^)
# environment
LC_MEASUREMENT = ko_KR.UTF-8
# environment
LC_ALL = C
# environment
LC_PAPER = ko_KR.UTF-8
# environment
NVM_DIR = /home/kkyoon/.nvm
# default
SUFFIXES := 
# default
.INCLUDE_DIRS = /usr/include /usr/local/include /usr/include
# environment
LC_IDENTIFICATION = ko_KR.UTF-8
# default
.RECIPEPREFIX := 
# environment
LC_ADDRESS = ko_KR.UTF-8
# default
MAKE_HOST := x86_64-pc-linux-gnu
# environment
LANG = C
# environment
VSCODE_EXTHOST_WILL_SEND_SOCKET = true
# makefile (from 'Makefile', line 7)
PKG_RELEASE := 1
# variable set hash-table stats:
# Load=94/1024=9%, Rehash=0, Collisions=14/122=11%

# Pattern-specific Variable Values

# No pattern-specific variable values.

# Directories

# . (device 66311, inode 16237280): 18 files, no impossibilities.

# 18 files, no impossibilities in 1 directories.

# Implicit Rules

# No implicit rules.

# Files

# Not a target:
/rules.mk:
#  Implicit rule search has not been done.
#  File does not exist.
#  File has not been updated.

# Not a target:
all:
#  Command line target.
#  Implicit rule search has not been done.
#  Modification time never checked.
#  File has not been updated.

# Not a target:
Makefile:
#  Implicit rule search has not been done.
#  Last modified 2022-05-16 20:31:57.95958626
#  File has not been updated.

# Not a target:
.DEFAULT:
#  Implicit rule search has not been done.
#  Modification time never checked.
#  File has not been updated.

# Not a target:
/package.mk:
#  Implicit rule search has been done.
#  File does not exist.
#  File has not been updated.

# files hash-table stats:
# Load=6/1024=1%, Rehash=0, Collisions=0/18=0%
# VPATH Search Paths

# No 'vpath' search paths.

# No general ('VPATH' variable) search path.

# strcache buffers: 1 (0) / strings = 25 / storage = 241 B / avg = 9 B
# current buf: size = 8162 B / used = 241 B / count = 25 / avg = 9 B

# strcache performance: lookups = 31 / hit rate = 19%
# hash-table stats:
# Load=25/8192=0%, Rehash=0, Collisions=1/31=3%
# Finished Make data base on Thu May 19 20:01:45 2022

 
